2025-12-14 21:43:44,008 - asyncio - DEBUG - Using selector: KqueueSelector
2025-12-14 21:43:52,921 - __main__ - DEBUG - FileList.on_key: key=pagedown
2025-12-14 21:43:52,921 - __main__ - DEBUG - GitHistoryTool.on_key: key=pagedown
2025-12-14 21:43:52,922 - __main__ - DEBUG - GitHistoryTool.on_key: key=pagedown
2025-12-14 21:43:53,420 - __main__ - DEBUG - FileList.on_key: key=pagedown
2025-12-14 21:43:53,420 - __main__ - DEBUG - GitHistoryTool.on_key: key=pagedown
2025-12-14 21:43:53,420 - __main__ - DEBUG - GitHistoryTool.on_key: key=pagedown
2025-12-14 21:43:54,094 - __main__ - DEBUG - FileList.on_key: key=down
2025-12-14 21:43:54,291 - __main__ - DEBUG - FileList.on_key: key=down
2025-12-14 21:43:54,483 - __main__ - DEBUG - FileList.on_key: key=down
2025-12-14 21:43:54,684 - __main__ - DEBUG - FileList.on_key: key=down
2025-12-14 21:43:54,877 - __main__ - DEBUG - FileList.on_key: key=down
2025-12-14 21:43:55,077 - __main__ - DEBUG - FileList.on_key: key=down
2025-12-14 21:43:55,267 - __main__ - DEBUG - FileList.on_key: key=down
2025-12-14 21:43:55,464 - __main__ - DEBUG - FileList.on_key: key=down
2025-12-14 21:43:55,663 - __main__ - DEBUG - FileList.on_key: key=down
2025-12-14 21:43:57,944 - __main__ - DEBUG - FileList.on_key: key=up
2025-12-14 21:43:58,371 - __main__ - DEBUG - FileList.on_key: key=up
2025-12-14 21:43:58,625 - __main__ - DEBUG - FileList.on_key: key=up
2025-12-14 21:43:58,897 - __main__ - DEBUG - FileList.on_key: key=up
2025-12-14 21:43:59,156 - __main__ - DEBUG - FileList.on_key: key=up
2025-12-14 21:43:59,414 - __main__ - DEBUG - FileList.on_key: key=up
2025-12-14 21:44:00,038 - __main__ - DEBUG - FileList.on_key: key=right
2025-12-14 21:44:02,810 - __main__ - DEBUG - HistoryList.on_key: key=right
2025-12-14 21:44:05,268 - __main__ - DEBUG - DiffList.on_key: key=pagedown
2025-12-14 21:44:05,269 - __main__ - DEBUG - DiffList: pagedown pressed
2025-12-14 21:44:05,269 - __main__ - DEBUG - DiffList: pagedown - current_index=0, page_size=22, visible_height=45, nodes=66
2025-12-14 21:44:05,269 - __main__ - DEBUG - DiffList: pagedown - moving from index 0 to 22
2025-12-14 21:44:05,269 - __main__ - DEBUG - DiffList: pagedown - before scroll: scroll_y=0.0, setting to 21.0, max_scroll=21.0
2025-12-14 21:44:05,270 - __main__ - DEBUG - DiffList: pagedown - started animate(scroll_y -> 21.0)
2025-12-14 21:44:05,966 - __main__ - DEBUG - DiffList.on_key: key=pagedown
2025-12-14 21:44:05,966 - __main__ - DEBUG - DiffList: pagedown pressed
2025-12-14 21:44:05,967 - __main__ - DEBUG - DiffList: pagedown - current_index=22, page_size=22, visible_height=45, nodes=66
2025-12-14 21:44:05,967 - __main__ - DEBUG - DiffList: pagedown - moving from index 22 to 44
2025-12-14 21:44:05,967 - __main__ - DEBUG - DiffList: pagedown - before scroll: scroll_y=21.0, setting to 21.0, max_scroll=21.0
2025-12-14 21:44:05,967 - __main__ - DEBUG - DiffList: pagedown - started animate(scroll_y -> 21.0)
2025-12-14 21:44:06,369 - __main__ - DEBUG - DiffList.on_key: key=pagedown
2025-12-14 21:44:06,370 - __main__ - DEBUG - DiffList: pagedown pressed
2025-12-14 21:44:06,370 - __main__ - DEBUG - DiffList: pagedown - current_index=44, page_size=22, visible_height=45, nodes=66
2025-12-14 21:44:06,370 - __main__ - DEBUG - DiffList: pagedown - moving from index 44 to 65
2025-12-14 21:44:06,370 - __main__ - DEBUG - DiffList: pagedown - before scroll: scroll_y=21.0, setting to 21.0, max_scroll=21.0
2025-12-14 21:44:06,370 - __main__ - DEBUG - DiffList: pagedown - started animate(scroll_y -> 21.0)
2025-12-14 21:44:07,166 - __main__ - DEBUG - DiffList.on_key: key=pageup
2025-12-14 21:44:07,167 - __main__ - DEBUG - DiffList: pageup pressed
2025-12-14 21:44:07,167 - __main__ - DEBUG - DiffList: pageup - current_index=65, page_size=22, visible_height=45, nodes=66
2025-12-14 21:44:07,167 - __main__ - DEBUG - DiffList: pageup - moving from index 65 to 43
2025-12-14 21:44:07,167 - __main__ - DEBUG - DiffList: pageup - before scroll: scroll_y=21.0, setting to 0.0, max_scroll=21.0
2025-12-14 21:44:07,167 - __main__ - DEBUG - DiffList: pageup - started animate(scroll_y -> 0.0)
2025-12-14 21:44:07,564 - __main__ - DEBUG - DiffList.on_key: key=pageup
2025-12-14 21:44:07,564 - __main__ - DEBUG - DiffList: pageup pressed
2025-12-14 21:44:07,564 - __main__ - DEBUG - DiffList: pageup - current_index=43, page_size=22, visible_height=45, nodes=66
2025-12-14 21:44:07,564 - __main__ - DEBUG - DiffList: pageup - moving from index 43 to 21
2025-12-14 21:44:07,565 - __main__ - DEBUG - DiffList: pageup - before scroll: scroll_y=0.0, setting to 0.0, max_scroll=21.0
2025-12-14 21:44:07,565 - __main__ - DEBUG - DiffList: pageup - started animate(scroll_y -> 0.0)
2025-12-14 21:44:07,924 - __main__ - DEBUG - DiffList.on_key: key=pageup
2025-12-14 21:44:07,925 - __main__ - DEBUG - DiffList: pageup pressed
2025-12-14 21:44:07,925 - __main__ - DEBUG - DiffList: pageup - current_index=21, page_size=22, visible_height=45, nodes=66
2025-12-14 21:44:07,925 - __main__ - DEBUG - DiffList: pageup - moving from index 21 to 0
2025-12-14 21:44:07,925 - __main__ - DEBUG - DiffList: pageup - before scroll: scroll_y=0.0, setting to 0.0, max_scroll=21.0
2025-12-14 21:44:07,925 - __main__ - DEBUG - DiffList: pageup - started animate(scroll_y -> 0.0)
2025-12-14 21:44:08,281 - __main__ - DEBUG - DiffList.on_key: key=pageup
2025-12-14 21:44:08,281 - __main__ - DEBUG - DiffList: pageup pressed
2025-12-14 21:44:08,281 - __main__ - DEBUG - DiffList: pageup - current_index=0, page_size=22, visible_height=45, nodes=66
2025-12-14 21:44:08,281 - __main__ - DEBUG - DiffList: pageup - moving from index 0 to 0
2025-12-14 21:44:08,282 - __main__ - DEBUG - DiffList: pageup - before scroll: scroll_y=0.0, setting to 0.0, max_scroll=21.0
2025-12-14 21:44:08,282 - __main__ - DEBUG - DiffList: pageup - started animate(scroll_y -> 0.0)
2025-12-14 21:44:13,275 - __main__ - DEBUG - DiffList.on_key: key=home
2025-12-14 21:44:13,276 - __main__ - DEBUG - GitHistoryTool.on_key: key=home
2025-12-14 21:44:13,276 - __main__ - DEBUG - GitHistoryTool.on_key: key=home
2025-12-14 21:44:14,613 - __main__ - DEBUG - DiffList.on_key: key=left
2025-12-14 21:44:15,804 - __main__ - DEBUG - HistoryList.on_key: key=pagedown
2025-12-14 21:44:15,805 - __main__ - DEBUG - GitHistoryTool.on_key: key=pagedown
2025-12-14 21:44:15,805 - __main__ - DEBUG - GitHistoryTool.on_key: key=pagedown
2025-12-14 21:44:16,270 - __main__ - DEBUG - HistoryList.on_key: key=pagedown
2025-12-14 21:44:16,271 - __main__ - DEBUG - GitHistoryTool.on_key: key=pagedown
2025-12-14 21:44:16,271 - __main__ - DEBUG - GitHistoryTool.on_key: key=pagedown
2025-12-14 21:44:16,526 - __main__ - DEBUG - HistoryList.on_key: key=pagedown
2025-12-14 21:44:16,527 - __main__ - DEBUG - GitHistoryTool.on_key: key=pagedown
2025-12-14 21:44:16,527 - __main__ - DEBUG - GitHistoryTool.on_key: key=pagedown
2025-12-14 21:44:16,861 - __main__ - DEBUG - HistoryList.on_key: key=pageup
2025-12-14 21:44:16,862 - __main__ - DEBUG - GitHistoryTool.on_key: key=pageup
2025-12-14 21:44:16,862 - __main__ - DEBUG - GitHistoryTool.on_key: key=pageup
2025-12-14 21:44:17,150 - __main__ - DEBUG - HistoryList.on_key: key=pageup
2025-12-14 21:44:17,151 - __main__ - DEBUG - GitHistoryTool.on_key: key=pageup
2025-12-14 21:44:17,151 - __main__ - DEBUG - GitHistoryTool.on_key: key=pageup
2025-12-14 21:44:18,132 - __main__ - DEBUG - HistoryList.on_key: key=down
2025-12-14 21:44:18,132 - __main__ - DEBUG - GitHistoryTool.on_key: key=down
2025-12-14 21:44:18,132 - __main__ - DEBUG - GitHistoryTool.on_key: key=down
2025-12-14 21:44:18,632 - __main__ - DEBUG - HistoryList.on_key: key=down
2025-12-14 21:44:18,633 - __main__ - DEBUG - GitHistoryTool.on_key: key=down
2025-12-14 21:44:18,633 - __main__ - DEBUG - GitHistoryTool.on_key: key=down
2025-12-14 21:44:18,714 - __main__ - DEBUG - HistoryList.on_key: key=down
2025-12-14 21:44:18,715 - __main__ - DEBUG - GitHistoryTool.on_key: key=down
2025-12-14 21:44:18,715 - __main__ - DEBUG - GitHistoryTool.on_key: key=down
2025-12-14 21:44:18,797 - __main__ - DEBUG - HistoryList.on_key: key=down
2025-12-14 21:44:18,798 - __main__ - DEBUG - GitHistoryTool.on_key: key=down
2025-12-14 21:44:18,798 - __main__ - DEBUG - GitHistoryTool.on_key: key=down
2025-12-14 21:44:18,882 - __main__ - DEBUG - HistoryList.on_key: key=down
2025-12-14 21:44:18,883 - __main__ - DEBUG - GitHistoryTool.on_key: key=down
2025-12-14 21:44:18,883 - __main__ - DEBUG - GitHistoryTool.on_key: key=down
2025-12-14 21:44:18,966 - __main__ - DEBUG - HistoryList.on_key: key=down
2025-12-14 21:44:18,967 - __main__ - DEBUG - GitHistoryTool.on_key: key=down
2025-12-14 21:44:18,967 - __main__ - DEBUG - GitHistoryTool.on_key: key=down
2025-12-14 21:44:19,050 - __main__ - DEBUG - HistoryList.on_key: key=down
2025-12-14 21:44:19,051 - __main__ - DEBUG - GitHistoryTool.on_key: key=down
2025-12-14 21:44:19,051 - __main__ - DEBUG - GitHistoryTool.on_key: key=down
2025-12-14 21:44:19,133 - __main__ - DEBUG - HistoryList.on_key: key=down
2025-12-14 21:44:19,134 - __main__ - DEBUG - GitHistoryTool.on_key: key=down
2025-12-14 21:44:19,134 - __main__ - DEBUG - GitHistoryTool.on_key: key=down
2025-12-14 21:44:19,216 - __main__ - DEBUG - HistoryList.on_key: key=down
2025-12-14 21:44:19,217 - __main__ - DEBUG - GitHistoryTool.on_key: key=down
2025-12-14 21:44:19,217 - __main__ - DEBUG - GitHistoryTool.on_key: key=down
2025-12-14 21:44:19,301 - __main__ - DEBUG - HistoryList.on_key: key=down
2025-12-14 21:44:19,302 - __main__ - DEBUG - GitHistoryTool.on_key: key=down
2025-12-14 21:44:19,302 - __main__ - DEBUG - GitHistoryTool.on_key: key=down
2025-12-14 21:44:19,384 - __main__ - DEBUG - HistoryList.on_key: key=down
2025-12-14 21:44:19,384 - __main__ - DEBUG - GitHistoryTool.on_key: key=down
2025-12-14 21:44:19,385 - __main__ - DEBUG - GitHistoryTool.on_key: key=down
2025-12-14 21:44:19,467 - __main__ - DEBUG - HistoryList.on_key: key=down
2025-12-14 21:44:19,468 - __main__ - DEBUG - GitHistoryTool.on_key: key=down
2025-12-14 21:44:19,468 - __main__ - DEBUG - GitHistoryTool.on_key: key=down
2025-12-14 21:44:19,549 - __main__ - DEBUG - HistoryList.on_key: key=down
2025-12-14 21:44:19,550 - __main__ - DEBUG - GitHistoryTool.on_key: key=down
2025-12-14 21:44:19,550 - __main__ - DEBUG - GitHistoryTool.on_key: key=down
2025-12-14 21:44:19,633 - __main__ - DEBUG - HistoryList.on_key: key=down
2025-12-14 21:44:19,634 - __main__ - DEBUG - GitHistoryTool.on_key: key=down
2025-12-14 21:44:19,634 - __main__ - DEBUG - GitHistoryTool.on_key: key=down
2025-12-14 21:44:19,718 - __main__ - DEBUG - HistoryList.on_key: key=down
2025-12-14 21:44:19,719 - __main__ - DEBUG - GitHistoryTool.on_key: key=down
2025-12-14 21:44:19,719 - __main__ - DEBUG - GitHistoryTool.on_key: key=down
2025-12-14 21:44:19,802 - __main__ - DEBUG - HistoryList.on_key: key=down
2025-12-14 21:44:19,803 - __main__ - DEBUG - GitHistoryTool.on_key: key=down
2025-12-14 21:44:19,803 - __main__ - DEBUG - GitHistoryTool.on_key: key=down
2025-12-14 21:44:19,886 - __main__ - DEBUG - HistoryList.on_key: key=down
2025-12-14 21:44:19,887 - __main__ - DEBUG - GitHistoryTool.on_key: key=down
2025-12-14 21:44:19,887 - __main__ - DEBUG - GitHistoryTool.on_key: key=down
2025-12-14 21:44:19,967 - __main__ - DEBUG - HistoryList.on_key: key=down
2025-12-14 21:44:19,968 - __main__ - DEBUG - GitHistoryTool.on_key: key=down
2025-12-14 21:44:19,968 - __main__ - DEBUG - GitHistoryTool.on_key: key=down
2025-12-14 21:44:20,052 - __main__ - DEBUG - HistoryList.on_key: key=down
2025-12-14 21:44:20,053 - __main__ - DEBUG - GitHistoryTool.on_key: key=down
2025-12-14 21:44:20,053 - __main__ - DEBUG - GitHistoryTool.on_key: key=down
2025-12-14 21:44:20,134 - __main__ - DEBUG - HistoryList.on_key: key=down
2025-12-14 21:44:20,134 - __main__ - DEBUG - GitHistoryTool.on_key: key=down
2025-12-14 21:44:20,134 - __main__ - DEBUG - GitHistoryTool.on_key: key=down
2025-12-14 21:44:20,216 - __main__ - DEBUG - HistoryList.on_key: key=down
2025-12-14 21:44:20,217 - __main__ - DEBUG - GitHistoryTool.on_key: key=down
2025-12-14 21:44:20,217 - __main__ - DEBUG - GitHistoryTool.on_key: key=down
2025-12-14 21:44:20,298 - __main__ - DEBUG - HistoryList.on_key: key=down
2025-12-14 21:44:20,299 - __main__ - DEBUG - GitHistoryTool.on_key: key=down
2025-12-14 21:44:20,299 - __main__ - DEBUG - GitHistoryTool.on_key: key=down
2025-12-14 21:44:20,383 - __main__ - DEBUG - HistoryList.on_key: key=down
2025-12-14 21:44:20,384 - __main__ - DEBUG - GitHistoryTool.on_key: key=down
2025-12-14 21:44:20,384 - __main__ - DEBUG - GitHistoryTool.on_key: key=down
2025-12-14 21:44:20,467 - __main__ - DEBUG - HistoryList.on_key: key=down
2025-12-14 21:44:20,468 - __main__ - DEBUG - GitHistoryTool.on_key: key=down
2025-12-14 21:44:20,468 - __main__ - DEBUG - GitHistoryTool.on_key: key=down
2025-12-14 21:44:20,550 - __main__ - DEBUG - HistoryList.on_key: key=down
2025-12-14 21:44:20,551 - __main__ - DEBUG - GitHistoryTool.on_key: key=down
2025-12-14 21:44:20,551 - __main__ - DEBUG - GitHistoryTool.on_key: key=down
2025-12-14 21:44:20,633 - __main__ - DEBUG - HistoryList.on_key: key=down
2025-12-14 21:44:20,634 - __main__ - DEBUG - GitHistoryTool.on_key: key=down
2025-12-14 21:44:20,634 - __main__ - DEBUG - GitHistoryTool.on_key: key=down
2025-12-14 21:44:20,717 - __main__ - DEBUG - HistoryList.on_key: key=down
2025-12-14 21:44:20,717 - __main__ - DEBUG - GitHistoryTool.on_key: key=down
2025-12-14 21:44:20,717 - __main__ - DEBUG - GitHistoryTool.on_key: key=down
2025-12-14 21:44:20,800 - __main__ - DEBUG - HistoryList.on_key: key=down
2025-12-14 21:44:20,801 - __main__ - DEBUG - GitHistoryTool.on_key: key=down
2025-12-14 21:44:20,801 - __main__ - DEBUG - GitHistoryTool.on_key: key=down
2025-12-14 21:44:20,883 - __main__ - DEBUG - HistoryList.on_key: key=down
2025-12-14 21:44:20,884 - __main__ - DEBUG - GitHistoryTool.on_key: key=down
2025-12-14 21:44:20,884 - __main__ - DEBUG - GitHistoryTool.on_key: key=down
2025-12-14 21:44:20,966 - __main__ - DEBUG - HistoryList.on_key: key=down
2025-12-14 21:44:20,967 - __main__ - DEBUG - GitHistoryTool.on_key: key=down
2025-12-14 21:44:20,967 - __main__ - DEBUG - GitHistoryTool.on_key: key=down
2025-12-14 21:44:21,050 - __main__ - DEBUG - HistoryList.on_key: key=down
2025-12-14 21:44:21,051 - __main__ - DEBUG - GitHistoryTool.on_key: key=down
2025-12-14 21:44:21,051 - __main__ - DEBUG - GitHistoryTool.on_key: key=down
2025-12-14 21:44:21,132 - __main__ - DEBUG - HistoryList.on_key: key=down
2025-12-14 21:44:21,133 - __main__ - DEBUG - GitHistoryTool.on_key: key=down
2025-12-14 21:44:21,133 - __main__ - DEBUG - GitHistoryTool.on_key: key=down
2025-12-14 21:44:21,216 - __main__ - DEBUG - HistoryList.on_key: key=down
2025-12-14 21:44:21,217 - __main__ - DEBUG - GitHistoryTool.on_key: key=down
2025-12-14 21:44:21,217 - __main__ - DEBUG - GitHistoryTool.on_key: key=down
2025-12-14 21:44:21,300 - __main__ - DEBUG - HistoryList.on_key: key=down
2025-12-14 21:44:21,301 - __main__ - DEBUG - GitHistoryTool.on_key: key=down
2025-12-14 21:44:21,301 - __main__ - DEBUG - GitHistoryTool.on_key: key=down
2025-12-14 21:44:21,384 - __main__ - DEBUG - HistoryList.on_key: key=down
2025-12-14 21:44:21,385 - __main__ - DEBUG - GitHistoryTool.on_key: key=down
2025-12-14 21:44:21,385 - __main__ - DEBUG - GitHistoryTool.on_key: key=down
2025-12-14 21:44:21,468 - __main__ - DEBUG - HistoryList.on_key: key=down
2025-12-14 21:44:21,469 - __main__ - DEBUG - GitHistoryTool.on_key: key=down
2025-12-14 21:44:21,469 - __main__ - DEBUG - GitHistoryTool.on_key: key=down
2025-12-14 21:44:22,114 - __main__ - DEBUG - HistoryList.on_key: key=left
2025-12-14 21:44:23,530 - __main__ - DEBUG - FileList.on_key: key=down
2025-12-14 21:44:23,864 - __main__ - DEBUG - FileList.on_key: key=down
2025-12-14 21:44:24,102 - __main__ - DEBUG - FileList.on_key: key=down
2025-12-14 21:44:25,697 - __main__ - DEBUG - FileList.on_key: key=q
2025-12-14 21:44:25,697 - __main__ - DEBUG - GitHistoryTool.on_key: key=q
2025-12-14 21:44:25,698 - __main__ - DEBUG - GitHistoryTool.on_key: key=q
